<?xml version="1.0" encoding="UTF-8"?>
<!-- Generated by org.testng.reporters.JUnitXMLReporter -->
<testsuite ignored="0" hostname="MSI" failures="1" tests="6" name="firefox-tests" time="24.407" errors="0" timestamp="2025-10-27T19:10:12 GMT-04:00">
  <testcase classname="org.navadiya.tests.LinkPresenceTest" name="hasAtLeastOneLink" time="3.466"/>
  <testcase classname="org.navadiya.tests.FooterTest" name="footerPresent" time="3.295"/>
  <testcase classname="org.navadiya.tests.HeaderElementTest" name="h1ElementPresent" time="3.648"/>
  <testcase classname="org.navadiya.tests.ImageLoadTest" name="imagesHaveSrc" time="3.506">
    <failure type="java.lang.AssertionError" message="Image src should not be null expected object to not be null">
      <![CDATA[java.lang.AssertionError: Image src should not be null expected object to not be null
at org.navadiya.tests.ImageLoadTest.imagesHaveSrc(ImageLoadTest.java:29)
at java.base/java.util.concurrent.ThreadPoolExecutor.runWorker(ThreadPoolExecutor.java:1144)
at java.base/java.util.concurrent.ThreadPoolExecutor$Worker.run(ThreadPoolExecutor.java:642)
at java.base/java.lang.Thread.run(Thread.java:1570)
... Removed 12 stack frames]]>
    </failure>
  </testcase> <!-- imagesHaveSrc -->
  <testcase classname="org.navadiya.tests.SampleTest" name="openExampleAndAssertTitle" time="2.785"/>
  <testcase classname="org.navadiya.tests.TitleTest" name="titleIsPresent" time="2.596"/>
</testsuite> <!-- firefox-tests -->
