<?xml version="1.0" encoding="UTF-8"?>
<!-- Generated by org.testng.reporters.JUnitXMLReporter -->
<testsuite ignored="0" hostname="MSI" failures="1" tests="6" name="firefox-tests" time="13.982" errors="0" timestamp="2025-10-27T18:55:42 GMT-04:00">
  <testcase classname="org.navadiya.tests.HeaderElementTest" name="h1ElementPresent" time="2.708"/>
  <testcase classname="org.navadiya.tests.FooterTest" name="footerPresent" time="2.072"/>
  <testcase classname="org.navadiya.tests.ImageLoadTest" name="imagesHaveSrc" time="1.409">
    <failure type="java.lang.AssertionError" message="Image src should not be null expected object to not be null">
      <![CDATA[java.lang.AssertionError: Image src should not be null expected object to not be null
at org.navadiya.tests.ImageLoadTest.imagesHaveSrc(ImageLoadTest.java:29)
at java.base/java.util.concurrent.ThreadPoolExecutor.runWorker(ThreadPoolExecutor.java:1144)
at java.base/java.util.concurrent.ThreadPoolExecutor$Worker.run(ThreadPoolExecutor.java:642)
at java.base/java.lang.Thread.run(Thread.java:1570)
... Removed 12 stack frames]]>
    </failure>
  </testcase> <!-- imagesHaveSrc -->
  <testcase classname="org.navadiya.tests.LinkPresenceTest" name="hasAtLeastOneLink" time="1.061"/>
  <testcase classname="org.navadiya.tests.TitleTest" name="titleIsPresent" time="0.812"/>
  <testcase classname="org.navadiya.tests.SampleTest" name="openExampleAndAssertTitle" time="1.987"/>
</testsuite> <!-- firefox-tests -->
